C51 COMPILER V9.54   ONEWIRE                                                               01/16/2023 19:13:27 PAGE 1   


C51 COMPILER V9.54, COMPILATION OF MODULE ONEWIRE
OBJECT MODULE PLACED IN .\Objects\OneWire.obj
COMPILER INVOKED BY: C:\Program Files (x86)\keil5\C51\BIN\C51.EXE OneWire.c OPTIMIZE(8,SPEED) BROWSE DEBUG OBJECTEXTEND 
                    -PRINT(.\Listings\OneWire.lst) OBJECT(.\Objects\OneWire.obj)

line level    source

   1          #include <REGX52.H>
   2          #include <INTRINS.H>
   3          
   4          sbit OneWire_DQ=P3^7;
   5          
   6          unsigned char OneWire_Init()
   7          {
   8   1              unsigned char i,AckBit;
   9   1              OneWire_DQ=1;
  10   1              OneWire_DQ=0;
  11   1              _nop_();i = 227;while (--i);//Delay 500us
  12   1              OneWire_DQ=1;
  13   1              _nop_();i = 29;while (--i);//Delay 70us
  14   1              AckBit=OneWire_DQ;
  15   1              _nop_();i = 227;while (--i);//Delay 500us
  16   1              return AckBit;
  17   1      }
  18          
  19          void OneWire_SendBit(unsigned char Bit)
  20          {
  21   1              unsigned char i;
  22   1              OneWire_DQ=0;
  23   1              i = 4;while (--i);//Delay 10us
  24   1              OneWire_DQ=Bit;
  25   1              i = 22;while (--i);//Delay 50us
  26   1              OneWire_DQ=1;
  27   1      }
  28          
  29          unsigned char OneWire_ReceiveBit()
  30          {
  31   1              unsigned char Bit,i;
  32   1              OneWire_DQ=0;
  33   1              i = 2;while (--i);//Delay 5us
  34   1              OneWire_DQ=1;
  35   1              i = 2;while (--i);//Delay 5us
  36   1              Bit=OneWire_DQ;
  37   1              i = 22;while (--i);//Delay 50us
  38   1              return Bit;
  39   1      }
  40          
  41          void OneWire_SendByte(unsigned char Byte)
  42          {
  43   1              unsigned char i;
  44   1              for(i=0;i<8;i++)
  45   1              {
  46   2                      OneWire_SendBit(Byte&0x01<<i);
  47   2              }
  48   1      }
  49          
  50          unsigned char OneWire_ReceiveByte()
  51          {
  52   1              unsigned char i,Byte=0x00;
  53   1              for(i=0;i<8;i++)
  54   1              {
C51 COMPILER V9.54   ONEWIRE                                                               01/16/2023 19:13:27 PAGE 2   

  55   2                      if(OneWire_ReceiveBit()){Byte|=0x01<<i;}
  56   2              }
  57   1              return Byte;
  58   1      }       


MODULE INFORMATION:   STATIC OVERLAYABLE
   CODE SIZE        =    125    ----
   CONSTANT SIZE    =   ----    ----
   XDATA SIZE       =   ----    ----
   PDATA SIZE       =   ----    ----
   DATA SIZE        =   ----    ----
   IDATA SIZE       =   ----    ----
   BIT SIZE         =   ----    ----
END OF MODULE INFORMATION.


C51 COMPILATION COMPLETE.  0 WARNING(S),  0 ERROR(S)
