C51 COMPILER V9.54   MAIN                                                                  01/16/2023 20:15:55 PAGE 1   


C51 COMPILER V9.54, COMPILATION OF MODULE MAIN
OBJECT MODULE PLACED IN .\Objects\main.obj
COMPILER INVOKED BY: C:\Program Files (x86)\keil5\C51\BIN\C51.EXE main.c OPTIMIZE(8,SPEED) BROWSE DEBUG OBJECTEXTEND PRI
                    -NT(.\Listings\main.lst) OBJECT(.\Objects\main.obj)

line level    source

   1          #include <REGX52.H>
   2          #include "LCD1602.h"
   3          #include "DS18B20.h"
   4          #include "Delay.h"
   5          #include "AT24C02.h"
   6          #include "Key.h"
   7          #include "Timer0.h"
   8          
   9          float T,TShow;
  10          char Tlow,Thigh;
  11          unsigned char KeyNum;
  12          
  13          void main()
  14          {
  15   1              Thigh=AT24C02_ReadByte(0);
  16   1              Tlow=AT24C02_ReadByte(1);
  17   1              if(Thigh>125||Tlow<-55||Thigh<=Tlow)
  18   1              {
  19   2                      Thigh=20;
  20   2                      Tlow=15;
  21   2              }
  22   1              DS18B20_ConvertT();
  23   1              Delay(500);
  24   1              LCD_Init();
  25   1              LCD_ShowString(1,1,"T:");
  26   1              LCD_ShowString(2,1,"TH:");
  27   1              LCD_ShowString(2,9,"TL:");
  28   1              LCD_ShowSignedNum(2,4,Thigh,3);
  29   1              LCD_ShowSignedNum(2,12,Tlow,3);
  30   1              Timer0_Init();
  31   1              while(1)
  32   1              {
  33   2                      KeyNum=Key();
  34   2                      //温度读取及显示
  35   2                      DS18B20_ConvertT();
  36   2                      T=DS18B20_ReadT();
  37   2                      if(T<0)
  38   2                      {
  39   3                              LCD_ShowChar(1,3,'-');
  40   3                              TShow=-T;
  41   3                      }
  42   2                      else
  43   2                      {
  44   3                              LCD_ShowChar(1,3,'+');
  45   3                              TShow=T;
  46   3                      }
  47   2                      LCD_ShowNum(1,4,TShow,3);
  48   2                      LCD_ShowChar(1,7,'.');
  49   2                      LCD_ShowNum(1,8,(unsigned long)(TShow*100)%100,2);
  50   2                      
  51   2                      //阈值判断及显示
  52   2                      if(KeyNum)
  53   2                      {
  54   3                              if(KeyNum==1)
C51 COMPILER V9.54   MAIN                                                                  01/16/2023 20:15:55 PAGE 2   

  55   3                              {
  56   4                                      Thigh++;
  57   4                                      if(Thigh>125) Thigh=125;
  58   4                              }
  59   3                              if(KeyNum==2)
  60   3                              {
  61   4                                      Thigh--;
  62   4                                      if(Thigh<=Tlow) Thigh++;
  63   4                              }
  64   3                              if(KeyNum==3)
  65   3                              {
  66   4                                      Tlow++;
  67   4                                      if(Thigh<=Tlow) Tlow--;
  68   4                              }
  69   3                              if(KeyNum==4)
  70   3                              {
  71   4                                      Tlow--;
  72   4                                      if(Tlow<-55) Tlow=-55;
  73   4                              }
  74   3                              LCD_ShowSignedNum(2,4,Thigh,3);
  75   3                              LCD_ShowSignedNum(2,12,Tlow,3);
  76   3                              AT24C02_WriteByte(0,Thigh);
  77   3                              Delay(5);
  78   3                              AT24C02_WriteByte(1,Tlow);
  79   3                              Delay(5);
  80   3                      }
  81   2                      if(T>Thigh)
  82   2                      {
  83   3                              LCD_ShowString(1,13,"OV:H");
  84   3                      }
  85   2                      else if(T<Tlow)
  86   2                      {
  87   3                              LCD_ShowString(1,13,"OV:L");
  88   3                      }
  89   2                      else
  90   2                      {
  91   3                              LCD_ShowString(1,13,"    ");
  92   3                      }
  93   2              }
  94   1      }
  95          
  96          void Timer0_Routine() interrupt 1//定时器0的中断函数
  97          {
  98   1              static unsigned int T0Count;
  99   1              TH0=0xFC;//使计数单元回拨到1ms前，使其再次计数（反复1ms）
 100   1              TL0=0x18;
 101   1              T0Count++;
 102   1              if(T0Count>=20)
 103   1              {
 104   2                      T0Count=0;
 105   2                      Key_Loop();
 106   2              }
 107   1      }


MODULE INFORMATION:   STATIC OVERLAYABLE
   CODE SIZE        =    629    ----
   CONSTANT SIZE    =     26    ----
   XDATA SIZE       =   ----    ----
   PDATA SIZE       =   ----    ----
   DATA SIZE        =     13    ----
   IDATA SIZE       =   ----    ----
C51 COMPILER V9.54   MAIN                                                                  01/16/2023 20:15:55 PAGE 3   

   BIT SIZE         =   ----    ----
END OF MODULE INFORMATION.


C51 COMPILATION COMPLETE.  0 WARNING(S),  0 ERROR(S)
