C51 COMPILER V9.54   ONEWIRE                                                               01/16/2023 20:06:57 PAGE 1   


C51 COMPILER V9.54, COMPILATION OF MODULE ONEWIRE
OBJECT MODULE PLACED IN .\Objects\OneWire.obj
COMPILER INVOKED BY: C:\Program Files (x86)\keil5\C51\BIN\C51.EXE OneWire.c OPTIMIZE(8,SPEED) BROWSE DEBUG OBJECTEXTEND 
                    -PRINT(.\Listings\OneWire.lst) OBJECT(.\Objects\OneWire.obj)

line level    source

   1          #include <REGX52.H>
   2          #include <INTRINS.H>
   3          
   4          sbit OneWire_DQ=P3^7;
   5          
   6          unsigned char OneWire_Init()
   7          {
   8   1              unsigned char i,AckBit;
   9   1              EA=0;
  10   1              OneWire_DQ=1;
  11   1              OneWire_DQ=0;
  12   1              _nop_();i = 227;while (--i);//Delay 500us
  13   1              OneWire_DQ=1;
  14   1              _nop_();i = 29;while (--i);//Delay 70us
  15   1              AckBit=OneWire_DQ;
  16   1              _nop_();i = 227;while (--i);//Delay 500us
  17   1              EA=1;
  18   1              return AckBit;
  19   1      }
  20          
  21          void OneWire_SendBit(unsigned char Bit)
  22          {
  23   1              unsigned char i;
  24   1              EA=0;
  25   1              OneWire_DQ=0;
  26   1              i = 4;while (--i);//Delay 10us
  27   1              OneWire_DQ=Bit;
  28   1              i = 22;while (--i);//Delay 50us
  29   1              OneWire_DQ=1;
  30   1              EA=1;
  31   1      }
  32          
  33          unsigned char OneWire_ReceiveBit()
  34          {
  35   1              unsigned char Bit,i;
  36   1              EA=0;
  37   1              OneWire_DQ=0;
  38   1              i = 2;while (--i);//Delay 5us
  39   1              OneWire_DQ=1;
  40   1              i = 2;while (--i);//Delay 5us
  41   1              Bit=OneWire_DQ;
  42   1              i = 22;while (--i);//Delay 50us
  43   1              EA=1;
  44   1              return Bit;
  45   1      }
  46          
  47          void OneWire_SendByte(unsigned char Byte)
  48          {
  49   1              unsigned char i;
  50   1              for(i=0;i<8;i++)
  51   1              {
  52   2                      OneWire_SendBit(Byte&0x01<<i);
  53   2              }
  54   1      }
C51 COMPILER V9.54   ONEWIRE                                                               01/16/2023 20:06:57 PAGE 2   

  55          
  56          unsigned char OneWire_ReceiveByte()
  57          {
  58   1              unsigned char i,Byte=0x00;
  59   1              for(i=0;i<8;i++)
  60   1              {
  61   2                      if(OneWire_ReceiveBit()){Byte|=0x01<<i;}
  62   2              }
  63   1              return Byte;
  64   1      }       


MODULE INFORMATION:   STATIC OVERLAYABLE
   CODE SIZE        =    137    ----
   CONSTANT SIZE    =   ----    ----
   XDATA SIZE       =   ----    ----
   PDATA SIZE       =   ----    ----
   DATA SIZE        =   ----    ----
   IDATA SIZE       =   ----    ----
   BIT SIZE         =   ----    ----
END OF MODULE INFORMATION.


C51 COMPILATION COMPLETE.  0 WARNING(S),  0 ERROR(S)
