C51 COMPILER V9.54   KEY                                                                   01/15/2023 21:27:49 PAGE 1   


C51 COMPILER V9.54, COMPILATION OF MODULE KEY
OBJECT MODULE PLACED IN .\Objects\Key.obj
COMPILER INVOKED BY: C:\Program Files (x86)\keil5\C51\BIN\C51.EXE Key.c OPTIMIZE(8,SPEED) BROWSE DEBUG OBJECTEXTEND PRIN
                    -T(.\Listings\Key.lst) OBJECT(.\Objects\Key.obj)

line level    source

   1          #include <REGX52.H>
   2          
   3          unsigned Key_KeyNum;
   4          
   5          unsigned char Key()
   6          {
   7   1              unsigned char Temp;
   8   1              Temp=Key_KeyNum;
   9   1              Key_KeyNum=0;
  10   1              return Temp;
  11   1      }
  12          
  13          unsigned char Key_GetState()
  14          {
  15   1              unsigned char KeyNumber=0;
  16   1              if(P3_1==0){KeyNumber=1;}
  17   1              if(P3_0==0){KeyNumber=2;}
  18   1              if(P3_2==0){KeyNumber=3;}
  19   1              if(P3_3==0){KeyNumber=4;}       
  20   1              return KeyNumber;
  21   1      }
  22          
  23          void Key_Loop()
  24          {
  25   1              static unsigned char NowState,LastState;
  26   1              LastState=NowState;
  27   1              NowState=Key_GetState();
  28   1              if(LastState==1&&NowState==0)
  29   1              {
  30   2                      Key_KeyNum=1;
  31   2              }
  32   1              if(LastState==2&&NowState==0)
  33   1              {
  34   2                      Key_KeyNum=2;
  35   2              }
  36   1              if(LastState==3&&NowState==0)
  37   1              {
  38   2                      Key_KeyNum=3;
  39   2              }
  40   1              if(LastState==4&&NowState==0)
  41   1              {
  42   2                      Key_KeyNum=4;
  43   2              }
  44   1      }


MODULE INFORMATION:   STATIC OVERLAYABLE
   CODE SIZE        =     95    ----
   CONSTANT SIZE    =   ----    ----
   XDATA SIZE       =   ----    ----
   PDATA SIZE       =   ----    ----
   DATA SIZE        =      4    ----
   IDATA SIZE       =   ----    ----
   BIT SIZE         =   ----    ----
C51 COMPILER V9.54   KEY                                                                   01/15/2023 21:27:49 PAGE 2   

END OF MODULE INFORMATION.


C51 COMPILATION COMPLETE.  0 WARNING(S),  0 ERROR(S)
