C51 COMPILER V9.54   TIMER0                                                                01/15/2023 21:27:49 PAGE 1   


C51 COMPILER V9.54, COMPILATION OF MODULE TIMER0
OBJECT MODULE PLACED IN .\Objects\Timer0.obj
COMPILER INVOKED BY: C:\Program Files (x86)\keil5\C51\BIN\C51.EXE Timer0.c OPTIMIZE(8,SPEED) BROWSE DEBUG OBJECTEXTEND P
                    -RINT(.\Listings\Timer0.lst) OBJECT(.\Objects\Timer0.obj)

line level    source

   1          #include <REGX52.H>
   2          
   3          /**
   4            *@brief  定时器0初始化，1毫秒
   5            *@param  无
   6            *@retval 无
   7            */
   8          void Timer0_Init()//定时器0初始化
   9          {
  10   1              //时钟
  11   1              TMOD=TMOD&0xF0;//低四位清零，高四位保持不变，不影响定时器1的运作 
  12   1              TMOD=TMOD|0x01;//最低位为1，高四位不变，配置TMOD寄存器的定时器0开启,
  13   1              TF0=0;//配置TCON寄存器中的溢出标志为0
  14   1              TR0=1;//配置TCON寄存器中定时器0开启
  15   1              //计数单元
  16   1              TH0=0xFC;//配置计数单元，为取1ms即1000us，初始化为65535-1000。/256以取高位
  17   1              TL0=0x18;//配置中计数单元，%256以取低位
  18   1              //中断系统
  19   1              ET0=1;//配置中断系统的IE
  20   1              EA=1;//配置中断系统的IE
  21   1              PT0=0;//配置中断系统拨到低优先级
  22   1      }
  23          /*定时器1s中断函数模板
  24          void Timer0_Routine() interrupt 1//定时器0的中断函数
  25          {
  26                  static unsigned int T0Count;
  27                  TH0=0xFC;//使计数单元回拨到1ms前，使其再次计数（反复1ms）
  28                  TL0=0x18;
  29                  T0Count++;
  30                  if(T0Count>=1000)//达到1s时执行
  31                  {
  32                          T0Count=0;//重置T0Count（反复1s）
  33                          中断时的操作;
  34                  }
  35          }
  36          */


MODULE INFORMATION:   STATIC OVERLAYABLE
   CODE SIZE        =     23    ----
   CONSTANT SIZE    =   ----    ----
   XDATA SIZE       =   ----    ----
   PDATA SIZE       =   ----    ----
   DATA SIZE        =   ----    ----
   IDATA SIZE       =   ----    ----
   BIT SIZE         =   ----    ----
END OF MODULE INFORMATION.


C51 COMPILATION COMPLETE.  0 WARNING(S),  0 ERROR(S)
