C51 COMPILER V9.54   MAIN                                                                  01/19/2023 19:54:50 PAGE 1   


C51 COMPILER V9.54, COMPILATION OF MODULE MAIN
OBJECT MODULE PLACED IN .\Objects\main.obj
COMPILER INVOKED BY: C:\Program Files (x86)\keil5\C51\BIN\C51.EXE main.c OPTIMIZE(8,SPEED) BROWSE DEBUG OBJECTEXTEND PRI
                    -NT(.\Listings\main.lst) OBJECT(.\Objects\main.obj)

line level    source

   1          #include <REGX52.H>
   2          #include "Delay.h"
   3          #include "Key.h"
   4          #include "Timer0.h"
   5          #include "Nixie.h"
   6          
   7          sbit Motor=P1^0;
   8          
   9          unsigned char KeyNum,Speed,Counter,Compare;
  10          
  11          void main()
  12          {
  13   1              Timer0_Init();
  14   1              while(1)
  15   1              {
  16   2                      KeyNum=Key();
  17   2                      if(KeyNum==1)
  18   2                      {
  19   3                              Speed++;
  20   3                              Speed%=4;
  21   3                              if(Speed==0){Compare=0;}
  22   3                              if(Speed==1){Compare=60;}
  23   3                              if(Speed==2){Compare=75;}
  24   3                              if(Speed==3){Compare=100;}
  25   3                      }
  26   2                      Nixie(1,Speed); 
  27   2              }
  28   1      }
  29          
  30          void Timer0_Routine() interrupt 1//定时器0的中断函数
  31          {
  32   1              TH0=0xFF;
  33   1              TL0=0xF7;
  34   1              Counter++;
  35   1              Counter%100;
*** WARNING C275 IN LINE 35 OF main.c: expression with possibly no effect
  36   1              if(Counter<Compare)
  37   1              {
  38   2                      Motor=1;
  39   2              }
  40   1              else
  41   1              {
  42   2                      Motor=0;
  43   2              }
  44   1      }


MODULE INFORMATION:   STATIC OVERLAYABLE
   CODE SIZE        =     91    ----
   CONSTANT SIZE    =   ----    ----
   XDATA SIZE       =   ----    ----
   PDATA SIZE       =   ----    ----
   DATA SIZE        =      4    ----
   IDATA SIZE       =   ----    ----
C51 COMPILER V9.54   MAIN                                                                  01/19/2023 19:54:50 PAGE 2   

   BIT SIZE         =   ----    ----
END OF MODULE INFORMATION.


C51 COMPILATION COMPLETE.  1 WARNING(S),  0 ERROR(S)
